CRITICAL - 2024-05-17 16:28:17 --> ParseError: syntax error, unexpected namespaced name "App\Controllers\Pages", expecting ":"
[Method: CLI, Route: serve]
in APPPATH\Config\Routes.php on line 10.
 1 SYSTEMPATH\CLI\Console.php(41): CodeIgniter\Router\RouteCollection->loadRoutes()
 2 SYSTEMPATH\Boot.php(338): CodeIgniter\CLI\Console->run()
 3 SYSTEMPATH\Boot.php(104): CodeIgniter\Boot::runCommand()
 4 ROOTPATH\spark(84): CodeIgniter\Boot::bootSpark()
CRITICAL - 2024-05-17 16:29:02 --> ParseError: syntax error, unexpected namespaced name "App\Controllers\Pages", expecting ":"
[Method: CLI, Route: serve]
in APPPATH\Config\Routes.php on line 10.
 1 SYSTEMPATH\CLI\Console.php(41): CodeIgniter\Router\RouteCollection->loadRoutes()
 2 SYSTEMPATH\Boot.php(338): CodeIgniter\CLI\Console->run()
 3 SYSTEMPATH\Boot.php(104): CodeIgniter\Boot::runCommand()
 4 ROOTPATH\spark(84): CodeIgniter\Boot::bootSpark()
CRITICAL - 2024-05-17 16:29:28 --> ParseError: syntax error, unexpected namespaced name "App\Controllers\Pages", expecting ":"
[Method: CLI, Route: serve]
in APPPATH\Config\Routes.php on line 10.
 1 SYSTEMPATH\CLI\Console.php(41): CodeIgniter\Router\RouteCollection->loadRoutes()
 2 SYSTEMPATH\Boot.php(338): CodeIgniter\CLI\Console->run()
 3 SYSTEMPATH\Boot.php(104): CodeIgniter\Boot::runCommand()
 4 ROOTPATH\spark(84): CodeIgniter\Boot::bootSpark()
CRITICAL - 2024-05-17 16:30:43 --> ParseError: syntax error, unexpected namespaced name "App\Controllers\Pages", expecting ":"
[Method: CLI, Route: serve]
in APPPATH\Config\Routes.php on line 10.
 1 SYSTEMPATH\CLI\Console.php(41): CodeIgniter\Router\RouteCollection->loadRoutes()
 2 SYSTEMPATH\Boot.php(338): CodeIgniter\CLI\Console->run()
 3 SYSTEMPATH\Boot.php(104): CodeIgniter\Boot::runCommand()
 4 ROOTPATH\spark(84): CodeIgniter\Boot::bootSpark()
CRITICAL - 2024-05-17 16:30:53 --> ParseError: syntax error, unexpected namespaced name "App\Controllers\Pages", expecting ":"
[Method: CLI, Route: serve]
in APPPATH\Config\Routes.php on line 10.
 1 SYSTEMPATH\CLI\Console.php(41): CodeIgniter\Router\RouteCollection->loadRoutes()
 2 SYSTEMPATH\Boot.php(338): CodeIgniter\CLI\Console->run()
 3 SYSTEMPATH\Boot.php(104): CodeIgniter\Boot::runCommand()
 4 ROOTPATH\spark(84): CodeIgniter\Boot::bootSpark()
CRITICAL - 2024-05-17 16:31:25 --> ParseError: syntax error, unexpected namespaced name "App\Controllers\Pages", expecting ":"
[Method: CLI, Route: serve]
in APPPATH\Config\Routes.php on line 10.
 1 SYSTEMPATH\CLI\Console.php(41): CodeIgniter\Router\RouteCollection->loadRoutes()
 2 SYSTEMPATH\Boot.php(338): CodeIgniter\CLI\Console->run()
 3 SYSTEMPATH\Boot.php(104): CodeIgniter\Boot::runCommand()
 4 ROOTPATH\spark(84): CodeIgniter\Boot::bootSpark()
CRITICAL - 2024-05-17 16:31:43 --> ParseError: syntax error, unexpected token ";", expecting ")"
[Method: CLI, Route: serve]
in APPPATH\Config\Routes.php on line 9.
 1 SYSTEMPATH\CLI\Console.php(41): CodeIgniter\Router\RouteCollection->loadRoutes()
 2 SYSTEMPATH\Boot.php(338): CodeIgniter\CLI\Console->run()
 3 SYSTEMPATH\Boot.php(104): CodeIgniter\Boot::runCommand()
 4 ROOTPATH\spark(84): CodeIgniter\Boot::bootSpark()
CRITICAL - 2024-05-17 16:34:47 --> CodeIgniter\View\Exceptions\ViewException: Invalid file: "welcome-message.php"
[Method: GET, Route: /]
in SYSTEMPATH\Exceptions\FrameworkException.php on line 41.
 1 SYSTEMPATH\View\View.php(222): CodeIgniter\Exceptions\FrameworkException::forInvalidFile()
 2 SYSTEMPATH\Common.php(1171): CodeIgniter\View\View->render()
 3 APPPATH\Controllers\Pages.php(11): view()
 4 SYSTEMPATH\CodeIgniter.php(933): App\Controllers\Pages->index()
 5 SYSTEMPATH\CodeIgniter.php(509): CodeIgniter\CodeIgniter->runController()
 6 SYSTEMPATH\CodeIgniter.php(355): CodeIgniter\CodeIgniter->handleRequest()
 7 SYSTEMPATH\Boot.php(312): CodeIgniter\CodeIgniter->run()
 8 SYSTEMPATH\Boot.php(67): CodeIgniter\Boot::runCodeIgniter()
 9 FCPATH\index.php(56): CodeIgniter\Boot::bootWeb()
10 SYSTEMPATH\Commands\Server\rewrite.php(49): require_once('C:\\Users\\User\\Desktop\\XAMpp\\htdocs\\ElderElevation\\public\\index.php')
CRITICAL - 2024-05-17 16:34:55 --> CodeIgniter\View\Exceptions\ViewException: Invalid file: "welcome-message.php"
[Method: GET, Route: /]
in SYSTEMPATH\Exceptions\FrameworkException.php on line 41.
 1 SYSTEMPATH\View\View.php(222): CodeIgniter\Exceptions\FrameworkException::forInvalidFile()
 2 SYSTEMPATH\Common.php(1171): CodeIgniter\View\View->render()
 3 APPPATH\Controllers\Pages.php(11): view()
 4 SYSTEMPATH\CodeIgniter.php(933): App\Controllers\Pages->index()
 5 SYSTEMPATH\CodeIgniter.php(509): CodeIgniter\CodeIgniter->runController()
 6 SYSTEMPATH\CodeIgniter.php(355): CodeIgniter\CodeIgniter->handleRequest()
 7 SYSTEMPATH\Boot.php(312): CodeIgniter\CodeIgniter->run()
 8 SYSTEMPATH\Boot.php(67): CodeIgniter\Boot::runCodeIgniter()
 9 FCPATH\index.php(56): CodeIgniter\Boot::bootWeb()
10 SYSTEMPATH\Commands\Server\rewrite.php(49): require_once('C:\\Users\\User\\Desktop\\XAMpp\\htdocs\\ElderElevation\\public\\index.php')
CRITICAL - 2024-05-17 16:35:06 --> CodeIgniter\View\Exceptions\ViewException: Invalid file: "welcome-message.php"
[Method: GET, Route: /]
in SYSTEMPATH\Exceptions\FrameworkException.php on line 41.
 1 SYSTEMPATH\View\View.php(222): CodeIgniter\Exceptions\FrameworkException::forInvalidFile()
 2 SYSTEMPATH\Common.php(1171): CodeIgniter\View\View->render()
 3 APPPATH\Controllers\Pages.php(11): view()
 4 SYSTEMPATH\CodeIgniter.php(933): App\Controllers\Pages->index()
 5 SYSTEMPATH\CodeIgniter.php(509): CodeIgniter\CodeIgniter->runController()
 6 SYSTEMPATH\CodeIgniter.php(355): CodeIgniter\CodeIgniter->handleRequest()
 7 SYSTEMPATH\Boot.php(312): CodeIgniter\CodeIgniter->run()
 8 SYSTEMPATH\Boot.php(67): CodeIgniter\Boot::runCodeIgniter()
 9 FCPATH\index.php(56): CodeIgniter\Boot::bootWeb()
10 SYSTEMPATH\Commands\Server\rewrite.php(49): require_once('C:\\Users\\User\\Desktop\\XAMpp\\htdocs\\ElderElevation\\public\\index.php')
CRITICAL - 2024-05-17 16:35:24 --> CodeIgniter\View\Exceptions\ViewException: Invalid file: "welcome-message.php"
[Method: GET, Route: /]
in SYSTEMPATH\Exceptions\FrameworkException.php on line 41.
 1 SYSTEMPATH\View\View.php(222): CodeIgniter\Exceptions\FrameworkException::forInvalidFile()
 2 SYSTEMPATH\Common.php(1171): CodeIgniter\View\View->render()
 3 APPPATH\Controllers\Pages.php(11): view()
 4 SYSTEMPATH\CodeIgniter.php(933): App\Controllers\Pages->index()
 5 SYSTEMPATH\CodeIgniter.php(509): CodeIgniter\CodeIgniter->runController()
 6 SYSTEMPATH\CodeIgniter.php(355): CodeIgniter\CodeIgniter->handleRequest()
 7 SYSTEMPATH\Boot.php(312): CodeIgniter\CodeIgniter->run()
 8 SYSTEMPATH\Boot.php(67): CodeIgniter\Boot::runCodeIgniter()
 9 FCPATH\index.php(56): CodeIgniter\Boot::bootWeb()
10 SYSTEMPATH\Commands\Server\rewrite.php(49): require_once('C:\\Users\\User\\Desktop\\XAMpp\\htdocs\\ElderElevation\\public\\index.php')
CRITICAL - 2024-05-17 16:35:51 --> CodeIgniter\View\Exceptions\ViewException: Invalid file: "welcome-message.php"
[Method: GET, Route: /]
in SYSTEMPATH\Exceptions\FrameworkException.php on line 41.
 1 SYSTEMPATH\View\View.php(222): CodeIgniter\Exceptions\FrameworkException::forInvalidFile()
 2 SYSTEMPATH\Common.php(1171): CodeIgniter\View\View->render()
 3 APPPATH\Controllers\Pages.php(11): view()
 4 SYSTEMPATH\CodeIgniter.php(933): App\Controllers\Pages->index()
 5 SYSTEMPATH\CodeIgniter.php(509): CodeIgniter\CodeIgniter->runController()
 6 SYSTEMPATH\CodeIgniter.php(355): CodeIgniter\CodeIgniter->handleRequest()
 7 SYSTEMPATH\Boot.php(312): CodeIgniter\CodeIgniter->run()
 8 SYSTEMPATH\Boot.php(67): CodeIgniter\Boot::runCodeIgniter()
 9 FCPATH\index.php(56): CodeIgniter\Boot::bootWeb()
10 SYSTEMPATH\Commands\Server\rewrite.php(49): require_once('C:\\Users\\User\\Desktop\\XAMpp\\htdocs\\ElderElevation\\public\\index.php')
CRITICAL - 2024-05-17 16:36:23 --> CodeIgniter\View\Exceptions\ViewException: Invalid file: "welcome-message.php"
[Method: GET, Route: /]
in SYSTEMPATH\Exceptions\FrameworkException.php on line 41.
 1 SYSTEMPATH\View\View.php(222): CodeIgniter\Exceptions\FrameworkException::forInvalidFile()
 2 SYSTEMPATH\Common.php(1171): CodeIgniter\View\View->render()
 3 APPPATH\Controllers\Pages.php(11): view()
 4 SYSTEMPATH\CodeIgniter.php(933): App\Controllers\Pages->index()
 5 SYSTEMPATH\CodeIgniter.php(509): CodeIgniter\CodeIgniter->runController()
 6 SYSTEMPATH\CodeIgniter.php(355): CodeIgniter\CodeIgniter->handleRequest()
 7 SYSTEMPATH\Boot.php(312): CodeIgniter\CodeIgniter->run()
 8 SYSTEMPATH\Boot.php(67): CodeIgniter\Boot::runCodeIgniter()
 9 FCPATH\index.php(56): CodeIgniter\Boot::bootWeb()
10 SYSTEMPATH\Commands\Server\rewrite.php(49): require_once('C:\\Users\\User\\Desktop\\XAMpp\\htdocs\\ElderElevation\\public\\index.php')
CRITICAL - 2024-05-17 16:36:24 --> CodeIgniter\View\Exceptions\ViewException: Invalid file: "welcome-message.php"
[Method: GET, Route: /]
in SYSTEMPATH\Exceptions\FrameworkException.php on line 41.
 1 SYSTEMPATH\View\View.php(222): CodeIgniter\Exceptions\FrameworkException::forInvalidFile()
 2 SYSTEMPATH\Common.php(1171): CodeIgniter\View\View->render()
 3 APPPATH\Controllers\Pages.php(11): view()
 4 SYSTEMPATH\CodeIgniter.php(933): App\Controllers\Pages->index()
 5 SYSTEMPATH\CodeIgniter.php(509): CodeIgniter\CodeIgniter->runController()
 6 SYSTEMPATH\CodeIgniter.php(355): CodeIgniter\CodeIgniter->handleRequest()
 7 SYSTEMPATH\Boot.php(312): CodeIgniter\CodeIgniter->run()
 8 SYSTEMPATH\Boot.php(67): CodeIgniter\Boot::runCodeIgniter()
 9 FCPATH\index.php(56): CodeIgniter\Boot::bootWeb()
10 SYSTEMPATH\Commands\Server\rewrite.php(49): require_once('C:\\Users\\User\\Desktop\\XAMpp\\htdocs\\ElderElevation\\public\\index.php')
CRITICAL - 2024-05-17 16:37:14 --> CodeIgniter\View\Exceptions\ViewException: Invalid file: "welcome-message.php"
[Method: GET, Route: /]
in SYSTEMPATH\Exceptions\FrameworkException.php on line 41.
 1 SYSTEMPATH\View\View.php(222): CodeIgniter\Exceptions\FrameworkException::forInvalidFile()
 2 SYSTEMPATH\Common.php(1171): CodeIgniter\View\View->render()
 3 APPPATH\Controllers\Pages.php(11): view()
 4 SYSTEMPATH\CodeIgniter.php(933): App\Controllers\Pages->index()
 5 SYSTEMPATH\CodeIgniter.php(509): CodeIgniter\CodeIgniter->runController()
 6 SYSTEMPATH\CodeIgniter.php(355): CodeIgniter\CodeIgniter->handleRequest()
 7 SYSTEMPATH\Boot.php(312): CodeIgniter\CodeIgniter->run()
 8 SYSTEMPATH\Boot.php(67): CodeIgniter\Boot::runCodeIgniter()
 9 FCPATH\index.php(56): CodeIgniter\Boot::bootWeb()
10 SYSTEMPATH\Commands\Server\rewrite.php(49): require_once('C:\\Users\\User\\Desktop\\XAMpp\\htdocs\\ElderElevation\\public\\index.php')
CRITICAL - 2024-05-17 16:38:05 --> CodeIgniter\View\Exceptions\ViewException: Invalid file: "welcome-message.php"
[Method: GET, Route: /]
in SYSTEMPATH\Exceptions\FrameworkException.php on line 41.
 1 SYSTEMPATH\View\View.php(222): CodeIgniter\Exceptions\FrameworkException::forInvalidFile()
 2 SYSTEMPATH\Common.php(1171): CodeIgniter\View\View->render()
 3 APPPATH\Controllers\Pages.php(11): view()
 4 SYSTEMPATH\CodeIgniter.php(933): App\Controllers\Pages->index()
 5 SYSTEMPATH\CodeIgniter.php(509): CodeIgniter\CodeIgniter->runController()
 6 SYSTEMPATH\CodeIgniter.php(355): CodeIgniter\CodeIgniter->handleRequest()
 7 SYSTEMPATH\Boot.php(312): CodeIgniter\CodeIgniter->run()
 8 SYSTEMPATH\Boot.php(67): CodeIgniter\Boot::runCodeIgniter()
 9 FCPATH\index.php(56): CodeIgniter\Boot::bootWeb()
10 SYSTEMPATH\Commands\Server\rewrite.php(49): require_once('C:\\Users\\User\\Desktop\\XAMpp\\htdocs\\ElderElevation\\public\\index.php')
CRITICAL - 2024-05-17 16:38:05 --> CodeIgniter\View\Exceptions\ViewException: Invalid file: "welcome-message.php"
[Method: GET, Route: /]
in SYSTEMPATH\Exceptions\FrameworkException.php on line 41.
 1 SYSTEMPATH\View\View.php(222): CodeIgniter\Exceptions\FrameworkException::forInvalidFile()
 2 SYSTEMPATH\Common.php(1171): CodeIgniter\View\View->render()
 3 APPPATH\Controllers\Pages.php(11): view()
 4 SYSTEMPATH\CodeIgniter.php(933): App\Controllers\Pages->index()
 5 SYSTEMPATH\CodeIgniter.php(509): CodeIgniter\CodeIgniter->runController()
 6 SYSTEMPATH\CodeIgniter.php(355): CodeIgniter\CodeIgniter->handleRequest()
 7 SYSTEMPATH\Boot.php(312): CodeIgniter\CodeIgniter->run()
 8 SYSTEMPATH\Boot.php(67): CodeIgniter\Boot::runCodeIgniter()
 9 FCPATH\index.php(56): CodeIgniter\Boot::bootWeb()
10 SYSTEMPATH\Commands\Server\rewrite.php(49): require_once('C:\\Users\\User\\Desktop\\XAMpp\\htdocs\\ElderElevation\\public\\index.php')
CRITICAL - 2024-05-17 16:41:50 --> CodeIgniter\View\Exceptions\ViewException: Invalid file: "welcome-message.php"
[Method: GET, Route: /]
in SYSTEMPATH\Exceptions\FrameworkException.php on line 41.
 1 SYSTEMPATH\View\View.php(222): CodeIgniter\Exceptions\FrameworkException::forInvalidFile()
 2 SYSTEMPATH\Common.php(1171): CodeIgniter\View\View->render()
 3 APPPATH\Controllers\Pages.php(11): view()
 4 SYSTEMPATH\CodeIgniter.php(933): App\Controllers\Pages->index()
 5 SYSTEMPATH\CodeIgniter.php(509): CodeIgniter\CodeIgniter->runController()
 6 SYSTEMPATH\CodeIgniter.php(355): CodeIgniter\CodeIgniter->handleRequest()
 7 SYSTEMPATH\Boot.php(312): CodeIgniter\CodeIgniter->run()
 8 SYSTEMPATH\Boot.php(67): CodeIgniter\Boot::runCodeIgniter()
 9 FCPATH\index.php(56): CodeIgniter\Boot::bootWeb()
10 SYSTEMPATH\Commands\Server\rewrite.php(49): require_once('C:\\Users\\User\\Desktop\\XAMpp\\htdocs\\ElderElevation\\public\\index.php')
CRITICAL - 2024-05-17 16:43:44 --> CodeIgniter\View\Exceptions\ViewException: Invalid file: "welcome-message.php"
[Method: GET, Route: /]
in SYSTEMPATH\Exceptions\FrameworkException.php on line 41.
 1 SYSTEMPATH\View\View.php(222): CodeIgniter\Exceptions\FrameworkException::forInvalidFile()
 2 SYSTEMPATH\Common.php(1171): CodeIgniter\View\View->render()
 3 APPPATH\Controllers\Pages.php(11): view()
 4 SYSTEMPATH\CodeIgniter.php(933): App\Controllers\Pages->index()
 5 SYSTEMPATH\CodeIgniter.php(509): CodeIgniter\CodeIgniter->runController()
 6 SYSTEMPATH\CodeIgniter.php(355): CodeIgniter\CodeIgniter->handleRequest()
 7 SYSTEMPATH\Boot.php(312): CodeIgniter\CodeIgniter->run()
 8 SYSTEMPATH\Boot.php(67): CodeIgniter\Boot::runCodeIgniter()
 9 FCPATH\index.php(56): CodeIgniter\Boot::bootWeb()
10 SYSTEMPATH\Commands\Server\rewrite.php(49): require_once('C:\\Users\\User\\Desktop\\XAMpp\\htdocs\\ElderElevation\\public\\index.php')
CRITICAL - 2024-05-17 16:46:38 --> ParseError: syntax error, unexpected namespaced name "App\Controllers\Pages", expecting ":"
[Method: GET, Route: /]
in APPPATH\Config\Routes.php on line 10.
 1 SYSTEMPATH\CodeIgniter.php(823): CodeIgniter\Router\RouteCollection->loadRoutes()
 2 SYSTEMPATH\CodeIgniter.php(457): CodeIgniter\CodeIgniter->tryToRouteIt()
 3 SYSTEMPATH\CodeIgniter.php(355): CodeIgniter\CodeIgniter->handleRequest()
 4 SYSTEMPATH\Boot.php(312): CodeIgniter\CodeIgniter->run()
 5 SYSTEMPATH\Boot.php(67): CodeIgniter\Boot::runCodeIgniter()
 6 FCPATH\index.php(56): CodeIgniter\Boot::bootWeb()
 7 SYSTEMPATH\Commands\Server\rewrite.php(49): require_once('C:\\Users\\User\\Desktop\\XAMpp\\htdocs\\ElderElevation\\public\\index.php')
CRITICAL - 2024-05-17 16:46:39 --> ParseError: syntax error, unexpected namespaced name "App\Controllers\Pages", expecting ":"
[Method: GET, Route: /]
in APPPATH\Config\Routes.php on line 10.
 1 SYSTEMPATH\CodeIgniter.php(823): CodeIgniter\Router\RouteCollection->loadRoutes()
 2 SYSTEMPATH\CodeIgniter.php(457): CodeIgniter\CodeIgniter->tryToRouteIt()
 3 SYSTEMPATH\CodeIgniter.php(355): CodeIgniter\CodeIgniter->handleRequest()
 4 SYSTEMPATH\Boot.php(312): CodeIgniter\CodeIgniter->run()
 5 SYSTEMPATH\Boot.php(67): CodeIgniter\Boot::runCodeIgniter()
 6 FCPATH\index.php(56): CodeIgniter\Boot::bootWeb()
 7 SYSTEMPATH\Commands\Server\rewrite.php(49): require_once('C:\\Users\\User\\Desktop\\XAMpp\\htdocs\\ElderElevation\\public\\index.php')
CRITICAL - 2024-05-17 16:46:56 --> ParseError: syntax error, unexpected namespaced name "App\Controllers\Pages", expecting ":"
[Method: GET, Route: /]
in APPPATH\Config\Routes.php on line 10.
 1 SYSTEMPATH\CodeIgniter.php(823): CodeIgniter\Router\RouteCollection->loadRoutes()
 2 SYSTEMPATH\CodeIgniter.php(457): CodeIgniter\CodeIgniter->tryToRouteIt()
 3 SYSTEMPATH\CodeIgniter.php(355): CodeIgniter\CodeIgniter->handleRequest()
 4 SYSTEMPATH\Boot.php(312): CodeIgniter\CodeIgniter->run()
 5 SYSTEMPATH\Boot.php(67): CodeIgniter\Boot::runCodeIgniter()
 6 FCPATH\index.php(56): CodeIgniter\Boot::bootWeb()
 7 SYSTEMPATH\Commands\Server\rewrite.php(49): require_once('C:\\Users\\User\\Desktop\\XAMpp\\htdocs\\ElderElevation\\public\\index.php')
CRITICAL - 2024-05-17 16:47:52 --> ParseError: syntax error, unexpected variable "$routes", expecting ")"
[Method: GET, Route: /]
in APPPATH\Config\Routes.php on line 11.
 1 SYSTEMPATH\CodeIgniter.php(823): CodeIgniter\Router\RouteCollection->loadRoutes()
 2 SYSTEMPATH\CodeIgniter.php(457): CodeIgniter\CodeIgniter->tryToRouteIt()
 3 SYSTEMPATH\CodeIgniter.php(355): CodeIgniter\CodeIgniter->handleRequest()
 4 SYSTEMPATH\Boot.php(312): CodeIgniter\CodeIgniter->run()
 5 SYSTEMPATH\Boot.php(67): CodeIgniter\Boot::runCodeIgniter()
 6 FCPATH\index.php(56): CodeIgniter\Boot::bootWeb()
 7 SYSTEMPATH\Commands\Server\rewrite.php(49): require_once('C:\\Users\\User\\Desktop\\XAMpp\\htdocs\\ElderElevation\\public\\index.php')
CRITICAL - 2024-05-17 16:49:40 --> ParseError: syntax error, unexpected token ":", expecting "," or ";"
[Method: GET, Route: /]
in APPPATH\Config\Routes.php on line 10.
 1 SYSTEMPATH\CodeIgniter.php(823): CodeIgniter\Router\RouteCollection->loadRoutes()
 2 SYSTEMPATH\CodeIgniter.php(457): CodeIgniter\CodeIgniter->tryToRouteIt()
 3 SYSTEMPATH\CodeIgniter.php(355): CodeIgniter\CodeIgniter->handleRequest()
 4 SYSTEMPATH\Boot.php(312): CodeIgniter\CodeIgniter->run()
 5 SYSTEMPATH\Boot.php(67): CodeIgniter\Boot::runCodeIgniter()
 6 FCPATH\index.php(56): CodeIgniter\Boot::bootWeb()
 7 SYSTEMPATH\Commands\Server\rewrite.php(49): require_once('C:\\Users\\User\\Desktop\\XAMpp\\htdocs\\ElderElevation\\public\\index.php')
CRITICAL - 2024-05-17 17:00:22 --> CodeIgniter\View\Exceptions\ViewException: Invalid file: "welcome-message.php"
[Method: GET, Route: pages]
in SYSTEMPATH\Exceptions\FrameworkException.php on line 41.
 1 SYSTEMPATH\View\View.php(222): CodeIgniter\Exceptions\FrameworkException::forInvalidFile()
 2 SYSTEMPATH\Common.php(1171): CodeIgniter\View\View->render()
 3 APPPATH\Controllers\Pages.php(11): view()
 4 SYSTEMPATH\CodeIgniter.php(933): App\Controllers\Pages->index()
 5 SYSTEMPATH\CodeIgniter.php(509): CodeIgniter\CodeIgniter->runController()
 6 SYSTEMPATH\CodeIgniter.php(355): CodeIgniter\CodeIgniter->handleRequest()
 7 SYSTEMPATH\Boot.php(312): CodeIgniter\CodeIgniter->run()
 8 SYSTEMPATH\Boot.php(67): CodeIgniter\Boot::runCodeIgniter()
 9 FCPATH\index.php(56): CodeIgniter\Boot::bootWeb()
10 SYSTEMPATH\Commands\Server\rewrite.php(49): require_once('C:\\Users\\User\\Desktop\\XAMpp\\htdocs\\ElderElevation\\public\\index.php')
CRITICAL - 2024-05-17 17:02:37 --> Error: Class "App\Controllers\PageNotFoundException" not found
[Method: GET, Route: shop]
in APPPATH\Controllers\Pages.php on line 18.
 1 SYSTEMPATH\CodeIgniter.php(933): App\Controllers\Pages->view()
 2 SYSTEMPATH\CodeIgniter.php(509): CodeIgniter\CodeIgniter->runController()
 3 SYSTEMPATH\CodeIgniter.php(355): CodeIgniter\CodeIgniter->handleRequest()
 4 SYSTEMPATH\Boot.php(312): CodeIgniter\CodeIgniter->run()
 5 SYSTEMPATH\Boot.php(67): CodeIgniter\Boot::runCodeIgniter()
 6 FCPATH\index.php(56): CodeIgniter\Boot::bootWeb()
 7 SYSTEMPATH\Commands\Server\rewrite.php(49): require_once('C:\\Users\\User\\Desktop\\XAMpp\\htdocs\\ElderElevation\\public\\index.php')
